binary_en.gram
binary_hi.gram
binary_te.gram
cmudict-en-us.dict
definition_file.txt
definition_file_very_small.txt
digits.gram
disease_edit_dist.txt
disease_vecs.txt
en-phone.dmp
en-us-ptm/feat.params
en-us-ptm/mdef
en-us-ptm/means
en-us-ptm/noisedict
en-us-ptm/sendump
en-us-ptm/transition_matrices
en-us-ptm/variances
firstaid_emergency_en.txt
firstaid_en.gram
firstaid_hi.gram
firstaid_te.gram
firstaid_treatment_en.txt
greet_en.gram
greet_hi.gram
greet_te.gram
health.lm.dmp
menu_en.gram
menu_hi.gram
menu_te.gram
mixed_pruned.lm
stopwords_en.txt
stopwords_hi.txt
stopwords_te.txt
sym_conceptid.txt
symp_vectors.txt
symptom_edit_dist_en.txt
symptom_edit_dist_hi.txt
symptom_edit_dist_te.txt
symptom_en.gram
symptom_hi.gram
symptom_query_response_en.gram
symptom_query_response_hi.gram
symptom_query_response_te.gram
symptom_te.gram
symptoms_definition_file_en.txt
symptoms_definition_file_hi.txt
symptoms_definition_file_te.txt